<?xml version="1.0" encoding="UTF-8"?>
<!-- Generated by org.testng.reporters.JUnitReportReporter -->
<testsuite hostname="Abhi" failures="0" tests="1" name="Tests.LoginPageTest" time="27.865" errors="0" timestamp="2023-03-13T11:08:48 IST" skipped="0">
  <testcase classname="Tests.LoginPageTest" name="verifyLogin" time="27.865"/>
  <system-out/>
</testsuite> <!-- Tests.LoginPageTest -->
